This file contains any messages produced by compilers while
running configure, to aid debugging if configure makes a mistake.

It was created by libilbc-rfc3951 configure 0.7, which was
generated by GNU Autoconf 2.69.  Invocation command line was

  $ ./configure 

## --------- ##
## Platform. ##
## --------- ##

hostname = Macbooks-MacBook-Air.local
uname -m = x86_64
uname -r = 14.0.0
uname -s = Darwin
uname -v = Darwin Kernel Version 14.0.0: Fri Sep 19 00:26:44 PDT 2014; root:xnu-2782.1.97~2/RELEASE_X86_64

/usr/bin/uname -p = i386
/bin/uname -X     = unknown

/bin/arch              = unknown
/usr/bin/arch -k       = unknown
/usr/convex/getsysinfo = unknown
/usr/bin/hostinfo      = Mach kernel version:
	 Darwin Kernel Version 14.0.0: Fri Sep 19 00:26:44 PDT 2014; root:xnu-2782.1.97~2/RELEASE_X86_64
Kernel configured for up to 4 processors.
2 processors are physically available.
4 processors are logically available.
Processor type: i486 (Intel 80486)
Processors active: 0 1 2 3
Primary memory available: 4.00 gigabytes
Default processor set: 234 tasks, 1205 threads, 4 processors
Load average: 4.12, Mach factor: 0.82
/bin/machine           = unknown
/usr/bin/oslevel       = unknown
/bin/universe          = unknown

PATH: /Applications/BB10 WebWorks SDK 2.2.0.15
PATH: /Applications/BB10 WebWorks SDK 2.2.0.15/cordova-blackberry/bin/dependencies/bb-tools/bin
PATH: /usr/local/bin
PATH: /usr/bin
PATH: /bin
PATH: /usr/sbin
PATH: /sbin
PATH: /Users/macbookair/.rvm/bin
PATH: /Applications/bbndk/host_10_3_0_2702/darwin/x86/usr/bin/
PATH: /Applications/Momentics.app/host_10_3_0_2702/darwin/x86/usr/bin/
PATH: /Applications/Momentics.app/target_10_3_0_698/darwin/x86/usr/bin/
PATH: /Users/macbookair/android-sdk-macosx/platform-tools
PATH: /Users/macbookair/android-sdk-macosx/tools
PATH: /Users/macbookair/apache-ant-1.9.4/bin
PATH: /Users/macbookair/android-ndk
PATH: /Users/macbookair/android-ndk/build
PATH: /Users/macbookair/gradle-2.2.1/bin
PATH: /Users/macbookair/apache-maven-3.2.5/bin


## ----------- ##
## Core tests. ##
## ----------- ##

configure:2161: checking for a BSD-compatible install
configure:2229: result: /usr/bin/install -c
configure:2240: checking whether build environment is sane
configure:2295: result: yes
configure:2446: checking for a thread-safe mkdir -p
configure:2485: result: ./install-sh -c -d
configure:2492: checking for gawk
configure:2522: result: no
configure:2492: checking for mawk
configure:2522: result: no
configure:2492: checking for nawk
configure:2522: result: no
configure:2492: checking for awk
configure:2508: found /usr/bin/awk
configure:2519: result: awk
configure:2530: checking whether make sets $(MAKE)
configure:2552: result: yes
configure:2581: checking whether make supports nested variables
configure:2598: result: yes
configure:2687: checking whether UID '501' is supported by ustar format
configure:2690: result: yes
configure:2697: checking whether GID '20' is supported by ustar format
configure:2700: result: yes
configure:2708: checking how to create a ustar tar archive
configure:2719: tar --version
bsdtar 2.8.3 - libarchive 2.8.3
configure:2722: $? = 0
configure:2762: tardir=conftest.dir && eval tar --format=ustar -chf - "$tardir" >conftest.tar
configure:2765: $? = 0
configure:2769: tar -xf - <conftest.tar
configure:2772: $? = 0
configure:2774: cat conftest.dir/file
GrepMe
configure:2777: $? = 0
configure:2790: result: gnutar
configure:2848: checking for gawk
configure:2875: result: awk
configure:2891: checking for wget
configure:2909: found /usr/local/bin/wget
configure:2921: result: /usr/local/bin/wget
configure:2934: checking for md5sum
configure:2967: result: no
configure:2975: checking for openssl
configure:2993: found /usr/bin/openssl
configure:3005: result: /usr/bin/openssl
configure:3051: checking build system type
configure:3065: result: x86_64-apple-darwin14.0.0
configure:3085: checking host system type
configure:3098: result: x86_64-apple-darwin14.0.0
configure:3139: checking how to print strings
configure:3166: result: printf
configure:3199: checking for style of include used by make
configure:3227: result: GNU
configure:3298: checking for gcc
configure:3314: found /usr/bin/gcc
configure:3325: result: gcc
configure:3554: checking for C compiler version
configure:3563: gcc --version >&5
i686-apple-darwin11-llvm-gcc-4.2 (GCC) 4.2.1 (Based on Apple Inc. build 5658) (LLVM build 2335.15.00)
Copyright (C) 2007 Free Software Foundation, Inc.
This is free software; see the source for copying conditions.  There is NO
warranty; not even for MERCHANTABILITY or FITNESS FOR A PARTICULAR PURPOSE.

couldn't understand kern.osversion `14.0.0'
configure:3574: $? = 0
configure:3563: gcc -v >&5
couldn't understand kern.osversion `14.0.0'
Using built-in specs.
Target: i686-apple-darwin11
Configured with: /private/var/tmp/llvmgcc42/llvmgcc42-2335.15~25/src/configure --disable-checking --enable-werror --prefix=/Developer/usr/llvm-gcc-4.2 --mandir=/share/man --enable-languages=c,objc,c++,obj-c++ --program-prefix=llvm- --program-transform-name=/^[cg][^.-]*$/s/$/-4.2/ --with-slibdir=/usr/lib --build=i686-apple-darwin11 --enable-llvm=/private/var/tmp/llvmgcc42/llvmgcc42-2335.15~25/dst-llvmCore/Developer/usr/local --program-prefix=i686-apple-darwin11- --host=x86_64-apple-darwin11 --target=i686-apple-darwin11 --with-gxx-include-dir=/usr/include/c++/4.2.1
Thread model: posix
gcc version 4.2.1 (Based on Apple Inc. build 5658) (LLVM build 2335.15.00)
configure:3574: $? = 0
configure:3563: gcc -V >&5
llvm-gcc-4.2: argument to `-V' is missing
configure:3574: $? = 1
configure:3563: gcc -qversion >&5
couldn't understand kern.osversion `14.0.0'
i686-apple-darwin11-llvm-gcc-4.2: no input files
configure:3574: $? = 1
configure:3594: checking whether the C compiler works
configure:3616: gcc    conftest.c  >&5
couldn't understand kern.osversion `14.0.0'
configure:3620: $? = 0
configure:3668: result: yes
configure:3671: checking for C compiler default output file name
configure:3673: result: a.out
configure:3679: checking for suffix of executables
configure:3686: gcc -o conftest    conftest.c  >&5
couldn't understand kern.osversion `14.0.0'
configure:3690: $? = 0
configure:3712: result: 
configure:3734: checking whether we are cross compiling
configure:3742: gcc -o conftest    conftest.c  >&5
couldn't understand kern.osversion `14.0.0'
configure:3746: $? = 0
configure:3753: ./conftest
configure:3757: $? = 0
configure:3772: result: no
configure:3777: checking for suffix of object files
configure:3799: gcc -c   conftest.c >&5
couldn't understand kern.osversion `14.0.0'
configure:3803: $? = 0
configure:3824: result: o
configure:3828: checking whether we are using the GNU C compiler
configure:3847: gcc -c   conftest.c >&5
couldn't understand kern.osversion `14.0.0'
configure:3847: $? = 0
configure:3856: result: yes
configure:3865: checking whether gcc accepts -g
configure:3885: gcc -c -g  conftest.c >&5
couldn't understand kern.osversion `14.0.0'
configure:3885: $? = 0
configure: failed program was:
| /* confdefs.h */
| #define PACKAGE_NAME "libilbc-rfc3951"
| #define PACKAGE_TARNAME "libilbc-rfc3951"
| #define PACKAGE_VERSION "0.7"
| #define PACKAGE_STRING "libilbc-rfc3951 0.7"
| #define PACKAGE_BUGREPORT ""
| #define PACKAGE_URL ""
| #define PACKAGE "libilbc-rfc3951"
| #define VERSION "0.7"
| /* end confdefs.h.  */
| 
| int
| main ()
| {
| 
|   ;
|   return 0;
| }
configure:3900: gcc -c   conftest.c >&5
couldn't understand kern.osversion `14.0.0'
configure:3900: $? = 0
configure: failed program was:
| /* confdefs.h */
| #define PACKAGE_NAME "libilbc-rfc3951"
| #define PACKAGE_TARNAME "libilbc-rfc3951"
| #define PACKAGE_VERSION "0.7"
| #define PACKAGE_STRING "libilbc-rfc3951 0.7"
| #define PACKAGE_BUGREPORT ""
| #define PACKAGE_URL ""
| #define PACKAGE "libilbc-rfc3951"
| #define VERSION "0.7"
| /* end confdefs.h.  */
| 
| int
| main ()
| {
| 
|   ;
|   return 0;
| }
configure:3916: gcc -c -g  conftest.c >&5
couldn't understand kern.osversion `14.0.0'
configure:3916: $? = 0
configure:3926: result: yes
configure:3943: checking for gcc option to accept ISO C89
configure:4006: gcc  -c -g -O2  conftest.c >&5
couldn't understand kern.osversion `14.0.0'
configure:4006: $? = 0
configure:4019: result: none needed
configure:4044: checking whether gcc understands -c and -o together
configure:4066: gcc -c conftest.c -o conftest2.o
couldn't understand kern.osversion `14.0.0'
configure:4069: $? = 0
configure:4066: gcc -c conftest.c -o conftest2.o
couldn't understand kern.osversion `14.0.0'
configure:4069: $? = 0
configure:4081: result: yes
configure:4100: checking dependency style of gcc
configure:4211: result: gcc3
configure:4226: checking for a sed that does not truncate output
configure:4290: result: /usr/bin/sed
configure:4308: checking for grep that handles long lines and -e
configure:4366: result: /usr/bin/grep
configure:4371: checking for egrep
configure:4433: result: /usr/bin/grep -E
configure:4438: checking for fgrep
configure:4500: result: /usr/bin/grep -F
configure:4535: checking for ld used by gcc
couldn't understand kern.osversion `14.0.0'
configure:4602: result: /usr/llvm-gcc-4.2/libexec/gcc/i686-apple-darwin11/4.2.1/ld
configure:4609: checking if the linker (/usr/llvm-gcc-4.2/libexec/gcc/i686-apple-darwin11/4.2.1/ld) is GNU ld
configure:4624: result: no
configure:4636: checking for BSD- or MS-compatible name lister (nm)
configure:4685: result: /usr/bin/nm
configure:4815: checking the name lister (/usr/bin/nm) interface
configure:4822: gcc -c -g -O2  conftest.c >&5
couldn't understand kern.osversion `14.0.0'
configure:4825: /usr/bin/nm "conftest.o"
configure:4828: output
00000000000001c8 S _some_variable
configure:4835: result: BSD nm
configure:4838: checking whether ln -s works
configure:4842: result: yes
configure:4850: checking the maximum length of command line arguments
configure:4980: result: 196608
configure:4997: checking whether the shell understands some XSI constructs
configure:5007: result: yes
configure:5011: checking whether the shell understands "+="
configure:5017: result: yes
configure:5052: checking how to convert x86_64-apple-darwin14.0.0 file names to x86_64-apple-darwin14.0.0 format
configure:5092: result: func_convert_file_noop
configure:5099: checking how to convert x86_64-apple-darwin14.0.0 file names to toolchain format
configure:5119: result: func_convert_file_noop
configure:5126: checking for /usr/llvm-gcc-4.2/libexec/gcc/i686-apple-darwin11/4.2.1/ld option to reload object files
configure:5133: result: -r
configure:5207: checking for objdump
configure:5237: result: no
configure:5266: checking how to recognize dependent libraries
configure:5468: result: pass_all
configure:5553: checking for dlltool
configure:5583: result: no
configure:5613: checking how to associate runtime and link libraries
configure:5640: result: printf %s\n
configure:5701: checking for ar
configure:5717: found /usr/bin/ar
configure:5728: result: ar
configure:5765: checking for archiver @FILE support
configure:5782: gcc -c -g -O2  conftest.c >&5
couldn't understand kern.osversion `14.0.0'
configure:5782: $? = 0
configure:5785: ar cru libconftest.a @conftest.lst >&5
ar: @conftest.lst: No such file or directory
configure:5788: $? = 1
configure:5808: result: no
configure:5866: checking for strip
configure:5882: found /usr/bin/strip
configure:5893: result: strip
configure:5965: checking for ranlib
configure:5981: found /usr/bin/ranlib
configure:5992: result: ranlib
configure:6094: checking command to parse /usr/bin/nm output from gcc object
configure:6214: gcc -c -g -O2  conftest.c >&5
couldn't understand kern.osversion `14.0.0'
configure:6217: $? = 0
configure:6221: /usr/bin/nm conftest.o \| sed -n -e 's/^.*[ ]\([BCDEGRST][BCDEGRST]*\)[ ][ ]*\([_A-Za-z][_A-Za-z0-9]*\)$/\1 \2 \2/p' | sed '/ __gnu_lto/d' \> conftest.nm
configure:6224: $? = 0
cannot find nm_test_var in conftest.nm
configure:6214: gcc -c -g -O2  conftest.c >&5
couldn't understand kern.osversion `14.0.0'
configure:6217: $? = 0
configure:6221: /usr/bin/nm conftest.o \| sed -n -e 's/^.*[ ]\([BCDEGRST][BCDEGRST]*\)[ ][ ]*_\([_A-Za-z][_A-Za-z0-9]*\)$/\1 _\2 \2/p' | sed '/ __gnu_lto/d' \> conftest.nm
configure:6224: $? = 0
configure:6290: gcc -o conftest -g -O2   conftest.c conftstm.o >&5
couldn't understand kern.osversion `14.0.0'
configure:6293: $? = 0
configure:6331: result: ok
configure:6368: checking for sysroot
configure:6398: result: no
configure:6654: checking for mt
configure:6684: result: no
configure:6704: checking if : is a manifest tool
configure:6710: : '-?'
configure:6718: result: no
configure:6774: checking for dsymutil
configure:6790: found /usr/bin/dsymutil
configure:6801: result: dsymutil
configure:6866: checking for nmedit
configure:6882: found /usr/bin/nmedit
configure:6893: result: nmedit
configure:6958: checking for lipo
configure:6974: found /usr/bin/lipo
configure:6985: result: lipo
configure:7050: checking for otool
configure:7066: found /usr/bin/otool
configure:7077: result: otool
configure:7142: checking for otool64
configure:7172: result: no
configure:7217: checking for -single_module linker flag
gcc -g -O2  -o libconftest.dylib -dynamiclib -Wl,-single_module conftest.c
configure:7250: result: yes
configure:7253: checking for -exported_symbols_list linker flag
configure:7273: gcc -o conftest -g -O2   -Wl,-exported_symbols_list,conftest.sym conftest.c  >&5
couldn't understand kern.osversion `14.0.0'
configure:7273: $? = 0
configure:7283: result: yes
configure:7286: checking for -force_load linker flag
gcc -g -O2 -c -o conftest.o conftest.c
couldn't understand kern.osversion `14.0.0'
ar cru libconftest.a conftest.o
ranlib libconftest.a
gcc -g -O2  -o conftest conftest.c -Wl,-force_load,./libconftest.a
configure:7318: result: yes
configure:7360: checking how to run the C preprocessor
configure:7391: gcc -E  conftest.c
couldn't understand kern.osversion `14.0.0'
configure:7391: $? = 0
configure:7405: gcc -E  conftest.c
couldn't understand kern.osversion `14.0.0'
conftest.c:11:28: error: ac_nonexistent.h: No such file or directory
configure:7405: $? = 1
configure: failed program was:
| /* confdefs.h */
| #define PACKAGE_NAME "libilbc-rfc3951"
| #define PACKAGE_TARNAME "libilbc-rfc3951"
| #define PACKAGE_VERSION "0.7"
| #define PACKAGE_STRING "libilbc-rfc3951 0.7"
| #define PACKAGE_BUGREPORT ""
| #define PACKAGE_URL ""
| #define PACKAGE "libilbc-rfc3951"
| #define VERSION "0.7"
| /* end confdefs.h.  */
| #include <ac_nonexistent.h>
configure:7430: result: gcc -E
configure:7450: gcc -E  conftest.c
couldn't understand kern.osversion `14.0.0'
configure:7450: $? = 0
configure:7464: gcc -E  conftest.c
couldn't understand kern.osversion `14.0.0'
conftest.c:11:28: error: ac_nonexistent.h: No such file or directory
configure:7464: $? = 1
configure: failed program was:
| /* confdefs.h */
| #define PACKAGE_NAME "libilbc-rfc3951"
| #define PACKAGE_TARNAME "libilbc-rfc3951"
| #define PACKAGE_VERSION "0.7"
| #define PACKAGE_STRING "libilbc-rfc3951 0.7"
| #define PACKAGE_BUGREPORT ""
| #define PACKAGE_URL ""
| #define PACKAGE "libilbc-rfc3951"
| #define VERSION "0.7"
| /* end confdefs.h.  */
| #include <ac_nonexistent.h>
configure:7493: checking for ANSI C header files
configure:7513: gcc -c -g -O2  conftest.c >&5
couldn't understand kern.osversion `14.0.0'
configure:7513: $? = 0
couldn't understand kern.osversion `14.0.0'
couldn't understand kern.osversion `14.0.0'
configure:7586: gcc -o conftest -g -O2   conftest.c  >&5
couldn't understand kern.osversion `14.0.0'
configure:7586: $? = 0
configure:7586: ./conftest
configure:7586: $? = 0
configure:7597: result: yes
configure:7610: checking for sys/types.h
configure:7610: gcc -c -g -O2  conftest.c >&5
couldn't understand kern.osversion `14.0.0'
configure:7610: $? = 0
configure:7610: result: yes
configure:7610: checking for sys/stat.h
configure:7610: gcc -c -g -O2  conftest.c >&5
couldn't understand kern.osversion `14.0.0'
configure:7610: $? = 0
configure:7610: result: yes
configure:7610: checking for stdlib.h
configure:7610: gcc -c -g -O2  conftest.c >&5
couldn't understand kern.osversion `14.0.0'
configure:7610: $? = 0
configure:7610: result: yes
configure:7610: checking for string.h
configure:7610: gcc -c -g -O2  conftest.c >&5
couldn't understand kern.osversion `14.0.0'
configure:7610: $? = 0
configure:7610: result: yes
configure:7610: checking for memory.h
configure:7610: gcc -c -g -O2  conftest.c >&5
couldn't understand kern.osversion `14.0.0'
configure:7610: $? = 0
configure:7610: result: yes
configure:7610: checking for strings.h
configure:7610: gcc -c -g -O2  conftest.c >&5
couldn't understand kern.osversion `14.0.0'
configure:7610: $? = 0
configure:7610: result: yes
configure:7610: checking for inttypes.h
configure:7610: gcc -c -g -O2  conftest.c >&5
couldn't understand kern.osversion `14.0.0'
configure:7610: $? = 0
configure:7610: result: yes
configure:7610: checking for stdint.h
configure:7610: gcc -c -g -O2  conftest.c >&5
couldn't understand kern.osversion `14.0.0'
configure:7610: $? = 0
configure:7610: result: yes
configure:7610: checking for unistd.h
configure:7610: gcc -c -g -O2  conftest.c >&5
couldn't understand kern.osversion `14.0.0'
configure:7610: $? = 0
configure:7610: result: yes
configure:7624: checking for dlfcn.h
configure:7624: gcc -c -g -O2  conftest.c >&5
couldn't understand kern.osversion `14.0.0'
configure:7624: $? = 0
configure:7624: result: yes
configure:7829: checking for objdir
configure:7844: result: .libs
configure:8115: checking if gcc supports -fno-rtti -fno-exceptions
configure:8133: gcc -c -g -O2  -fno-rtti -fno-exceptions conftest.c >&5
couldn't understand kern.osversion `14.0.0'
cc1: warning: command line option "-fno-rtti" is valid for C++/ObjC++ but not for C
configure:8137: $? = 0
configure:8150: result: no
configure:8477: checking for gcc option to produce PIC
configure:8484: result: -fno-common -DPIC
configure:8492: checking if gcc PIC flag -fno-common -DPIC works
configure:8510: gcc -c -g -O2  -fno-common -DPIC -DPIC conftest.c >&5
couldn't understand kern.osversion `14.0.0'
configure:8514: $? = 0
configure:8527: result: yes
configure:8556: checking if gcc static flag -static works
configure:8584: result: no
configure:8599: checking if gcc supports -c -o file.o
configure:8620: gcc -c -g -O2  -o out/conftest2.o conftest.c >&5
couldn't understand kern.osversion `14.0.0'
configure:8624: $? = 0
configure:8646: result: yes
configure:8654: checking if gcc supports -c -o file.o
configure:8701: result: yes
configure:8734: checking whether the gcc linker (/usr/llvm-gcc-4.2/libexec/gcc/i686-apple-darwin11/4.2.1/ld) supports shared libraries
configure:9887: result: yes
configure:10127: checking dynamic linker characteristics
configure:10860: result: darwin14.0.0 dyld
configure:10967: checking how to hardcode library paths into programs
configure:10992: result: immediate
configure:11532: checking whether stripping libraries is possible
configure:11546: result: yes
configure:11572: checking if libtool supports shared libraries
configure:11574: result: yes
configure:11577: checking whether to build shared libraries
configure:11598: result: yes
configure:11601: checking whether to build static libraries
configure:11605: result: no
configure:11644: checking for cosf in -lm
configure:11669: gcc -o conftest -g -O2   conftest.c -lm   >&5
couldn't understand kern.osversion `14.0.0'
conftest.c:30: warning: conflicting types for built-in function 'cosf'
configure:11669: $? = 0
configure:11678: result: yes
configure:11811: checking that generated files are newer than configure
configure:11817: result: done
configure:11840: creating ./config.status

## ---------------------- ##
## Running config.status. ##
## ---------------------- ##

This file was extended by libilbc-rfc3951 config.status 0.7, which was
generated by GNU Autoconf 2.69.  Invocation command line was

  CONFIG_FILES    = 
  CONFIG_HEADERS  = 
  CONFIG_LINKS    = 
  CONFIG_COMMANDS = 
  $ ./config.status 

on Macbooks-MacBook-Air.local

config.status:1086: creating Makefile
config.status:1086: creating downloads/Makefile
config.status:1086: creating src/Makefile
config.status:1086: creating pkgconfig/Makefile
config.status:1086: creating pkgconfig/ilbc.pc
config.status:1086: creating man/Makefile
config.status:1086: creating libilbc-rfc3951.spec
config.status:1086: creating config.h
config.status:1315: executing depfiles commands
config.status:1315: executing libtool commands

## ---------------- ##
## Cache variables. ##
## ---------------- ##

ac_cv_build=x86_64-apple-darwin14.0.0
ac_cv_c_compiler_gnu=yes
ac_cv_env_CC_set=
ac_cv_env_CC_value=
ac_cv_env_CFLAGS_set=
ac_cv_env_CFLAGS_value=
ac_cv_env_CPPFLAGS_set=
ac_cv_env_CPPFLAGS_value=
ac_cv_env_CPP_set=
ac_cv_env_CPP_value=
ac_cv_env_LDFLAGS_set=
ac_cv_env_LDFLAGS_value=
ac_cv_env_LIBS_set=
ac_cv_env_LIBS_value=
ac_cv_env_build_alias_set=
ac_cv_env_build_alias_value=
ac_cv_env_host_alias_set=
ac_cv_env_host_alias_value=
ac_cv_env_target_alias_set=
ac_cv_env_target_alias_value=
ac_cv_header_dlfcn_h=yes
ac_cv_header_inttypes_h=yes
ac_cv_header_memory_h=yes
ac_cv_header_stdc=yes
ac_cv_header_stdint_h=yes
ac_cv_header_stdlib_h=yes
ac_cv_header_string_h=yes
ac_cv_header_strings_h=yes
ac_cv_header_sys_stat_h=yes
ac_cv_header_sys_types_h=yes
ac_cv_header_unistd_h=yes
ac_cv_host=x86_64-apple-darwin14.0.0
ac_cv_lib_m_cosf=yes
ac_cv_objext=o
ac_cv_path_EGREP='/usr/bin/grep -E'
ac_cv_path_FGREP='/usr/bin/grep -F'
ac_cv_path_GREP=/usr/bin/grep
ac_cv_path_MD5SUM=/usr/bin/openssl
ac_cv_path_SED=/usr/bin/sed
ac_cv_path_WGET=/usr/local/bin/wget
ac_cv_path_install='/usr/bin/install -c'
ac_cv_prog_AWK=awk
ac_cv_prog_CPP='gcc -E'
ac_cv_prog_ac_ct_AR=ar
ac_cv_prog_ac_ct_CC=gcc
ac_cv_prog_ac_ct_DSYMUTIL=dsymutil
ac_cv_prog_ac_ct_LIPO=lipo
ac_cv_prog_ac_ct_NMEDIT=nmedit
ac_cv_prog_ac_ct_OTOOL=otool
ac_cv_prog_ac_ct_RANLIB=ranlib
ac_cv_prog_ac_ct_STRIP=strip
ac_cv_prog_cc_c89=
ac_cv_prog_cc_g=yes
ac_cv_prog_make_make_set=yes
am_cv_CC_dependencies_compiler_type=gcc3
am_cv_make_support_nested_variables=yes
am_cv_prog_cc_c_o=yes
am_cv_prog_tar_ustar=gnutar
lt_cv_apple_cc_single_mod=yes
lt_cv_ar_at_file=no
lt_cv_deplibs_check_method=pass_all
lt_cv_file_magic_cmd='$MAGIC_CMD'
lt_cv_file_magic_test_file=
lt_cv_ld_exported_symbols_list=yes
lt_cv_ld_force_load=yes
lt_cv_ld_reload_flag=-r
lt_cv_nm_interface='BSD nm'
lt_cv_objdir=.libs
lt_cv_path_LD=/usr/llvm-gcc-4.2/libexec/gcc/i686-apple-darwin11/4.2.1/ld
lt_cv_path_NM=/usr/bin/nm
lt_cv_path_mainfest_tool=no
lt_cv_prog_compiler_c_o=yes
lt_cv_prog_compiler_pic='-fno-common -DPIC'
lt_cv_prog_compiler_pic_works=yes
lt_cv_prog_compiler_rtti_exceptions=no
lt_cv_prog_compiler_static_works=no
lt_cv_prog_gnu_ld=no
lt_cv_sharedlib_from_linklib_cmd='printf %s\n'
lt_cv_sys_global_symbol_pipe='sed -n -e '\''s/^.*[	 ]\([BCDEGRST][BCDEGRST]*\)[	 ][	 ]*_\([_A-Za-z][_A-Za-z0-9]*\)$/\1 _\2 \2/p'\'' | sed '\''/ __gnu_lto/d'\'''
lt_cv_sys_global_symbol_to_c_name_address='sed -n -e '\''s/^: \([^ ]*\)[ ]*$/  {\"\1\", (void *) 0},/p'\'' -e '\''s/^[BCDEGRST]* \([^ ]*\) \([^ ]*\)$/  {"\2", (void *) \&\2},/p'\'''
lt_cv_sys_global_symbol_to_c_name_address_lib_prefix='sed -n -e '\''s/^: \([^ ]*\)[ ]*$/  {\"\1\", (void *) 0},/p'\'' -e '\''s/^[BCDEGRST]* \([^ ]*\) \(lib[^ ]*\)$/  {"\2", (void *) \&\2},/p'\'' -e '\''s/^[BCDEGRST]* \([^ ]*\) \([^ ]*\)$/  {"lib\2", (void *) \&\2},/p'\'''
lt_cv_sys_global_symbol_to_cdecl='sed -n -e '\''s/^T .* \(.*\)$/extern int \1();/p'\'' -e '\''s/^[BCDEGRST]* .* \(.*\)$/extern char \1;/p'\'''
lt_cv_sys_max_cmd_len=196608
lt_cv_to_host_file_cmd=func_convert_file_noop
lt_cv_to_tool_file_cmd=func_convert_file_noop

## ----------------- ##
## Output variables. ##
## ----------------- ##

ACLOCAL='${SHELL} /Users/macbookair/linphone-android/submodules/libilbc-rfc3951/missing aclocal-1.14'
AMDEPBACKSLASH='\'
AMDEP_FALSE='#'
AMDEP_TRUE=''
AMTAR='$${TAR-tar}'
AM_BACKSLASH='\'
AM_DEFAULT_V='$(AM_DEFAULT_VERBOSITY)'
AM_DEFAULT_VERBOSITY='1'
AM_V='$(V)'
AR='ar'
AUTOCONF='${SHELL} /Users/macbookair/linphone-android/submodules/libilbc-rfc3951/missing autoconf'
AUTOHEADER='${SHELL} /Users/macbookair/linphone-android/submodules/libilbc-rfc3951/missing autoheader'
AUTOMAKE='${SHELL} /Users/macbookair/linphone-android/submodules/libilbc-rfc3951/missing automake-1.14'
AWK='awk'
CC='gcc'
CCDEPMODE='depmode=gcc3'
CFLAGS='-g -O2'
CPP='gcc -E'
CPPFLAGS=''
CYGPATH_W='echo'
DEFS='-DHAVE_CONFIG_H'
DEPDIR='.deps'
DLLTOOL='false'
DSYMUTIL='dsymutil'
DUMPBIN=''
ECHO_C='\c'
ECHO_N=''
ECHO_T=''
EGREP='/usr/bin/grep -E'
EXEEXT=''
FGREP='/usr/bin/grep -F'
GREP='/usr/bin/grep'
INSTALL_DATA='${INSTALL} -m 644'
INSTALL_PROGRAM='${INSTALL}'
INSTALL_SCRIPT='${INSTALL}'
INSTALL_STRIP_PROGRAM='$(install_sh) -c -s'
LD='/usr/llvm-gcc-4.2/libexec/gcc/i686-apple-darwin11/4.2.1/ld'
LDFLAGS=''
LIBOBJS=''
LIBS='-lm '
LIBTOOL='$(SHELL) $(top_builddir)/libtool'
LIPO='lipo'
LN_S='ln -s'
LTLIBOBJS=''
MAKEINFO='${SHELL} /Users/macbookair/linphone-android/submodules/libilbc-rfc3951/missing makeinfo'
MANIFEST_TOOL=':'
MD5SUM='/usr/bin/openssl md5'
MKDIR_P='./install-sh -c -d'
NM='/usr/bin/nm'
NMEDIT='nmedit'
OBJDUMP='false'
OBJEXT='o'
OTOOL64=':'
OTOOL='otool'
PACKAGE='libilbc-rfc3951'
PACKAGE_BUGREPORT=''
PACKAGE_NAME='libilbc-rfc3951'
PACKAGE_STRING='libilbc-rfc3951 0.7'
PACKAGE_TARNAME='libilbc-rfc3951'
PACKAGE_URL=''
PACKAGE_VERSION='0.7'
PATH_SEPARATOR=':'
RANLIB='ranlib'
SED='/usr/bin/sed'
SET_MAKE=''
SHELL='/bin/sh'
STRIP='strip'
VERSION='0.7'
WGET='/usr/local/bin/wget'
ac_ct_AR='ar'
ac_ct_CC='gcc'
ac_ct_DUMPBIN=''
am__EXEEXT_FALSE=''
am__EXEEXT_TRUE='#'
am__fastdepCC_FALSE='#'
am__fastdepCC_TRUE=''
am__include='include'
am__isrc=''
am__leading_dot='.'
am__nodep='_no'
am__quote=''
am__tar='tar --format=ustar -chf - "$$tardir"'
am__untar='tar -xf -'
bindir='${exec_prefix}/bin'
build='x86_64-apple-darwin14.0.0'
build_alias=''
build_cpu='x86_64'
build_os='darwin14.0.0'
build_vendor='apple'
datadir='${datarootdir}'
datarootdir='${prefix}/share'
docdir='${datarootdir}/doc/${PACKAGE_TARNAME}'
dvidir='${docdir}'
exec_prefix='${prefix}'
host='x86_64-apple-darwin14.0.0'
host_alias=''
host_cpu='x86_64'
host_os='darwin14.0.0'
host_vendor='apple'
htmldir='${docdir}'
includedir='${prefix}/include'
infodir='${datarootdir}/info'
install_sh='${SHELL} /Users/macbookair/linphone-android/submodules/libilbc-rfc3951/install-sh'
libdir='${exec_prefix}/lib'
libexecdir='${exec_prefix}/libexec'
localedir='${datarootdir}/locale'
localstatedir='${prefix}/var'
mandir='${datarootdir}/man'
mkdir_p='$(MKDIR_P)'
oldincludedir='/usr/include'
pdfdir='${docdir}'
prefix='/usr/local'
program_transform_name='s,x,x,'
psdir='${docdir}'
sbindir='${exec_prefix}/sbin'
sharedstatedir='${prefix}/com'
sysconfdir='${prefix}/etc'
target_alias=''

## ----------- ##
## confdefs.h. ##
## ----------- ##

/* confdefs.h */
#define PACKAGE_NAME "libilbc-rfc3951"
#define PACKAGE_TARNAME "libilbc-rfc3951"
#define PACKAGE_VERSION "0.7"
#define PACKAGE_STRING "libilbc-rfc3951 0.7"
#define PACKAGE_BUGREPORT ""
#define PACKAGE_URL ""
#define PACKAGE "libilbc-rfc3951"
#define VERSION "0.7"
#define STDC_HEADERS 1
#define HAVE_SYS_TYPES_H 1
#define HAVE_SYS_STAT_H 1
#define HAVE_STDLIB_H 1
#define HAVE_STRING_H 1
#define HAVE_MEMORY_H 1
#define HAVE_STRINGS_H 1
#define HAVE_INTTYPES_H 1
#define HAVE_STDINT_H 1
#define HAVE_UNISTD_H 1
#define HAVE_DLFCN_H 1
#define LT_OBJDIR ".libs/"
#define HAVE_LIBM 1

configure: exit 0
